[
  {
    "Plan": {
      "Node Type": "Nested Loop",
      "Parallel Aware": false,
      "Join Type": "Inner",
      "Startup Cost": 1000.42,
      "Total Cost": 37106.81,
      "Plan Rows": 17,
      "Plan Width": 280,
      "Actual Startup Time": 35.628,
      "Actual Total Time": 44.038,
      "Actual Rows": 6,
      "Actual Loops": 1,
      "Inner Unique": false,
      "Plans": [
        {
          "Node Type": "Index Scan",
          "Parent Relationship": "Outer",
          "Parallel Aware": false,
          "Scan Direction": "Forward",
          "Index Name": "customer_pkey",
          "Relation Name": "customer",
          "Alias": "customer",
          "Startup Cost": 0.42,
          "Total Cost": 8.44,
          "Plan Rows": 1,
          "Plan Width": 165,
          "Actual Startup Time": 0.016,
          "Actual Total Time": 0.018,
          "Actual Rows": 1,
          "Actual Loops": 1,
          "Index Cond": "(c_custkey = 1)",
          "Rows Removed by Index Recheck": 0
        },
        {
          "Node Type": "Gather",
          "Parent Relationship": "Inner",
          "Parallel Aware": false,
          "Startup Cost": 1000.00,
          "Total Cost": 37098.20,
          "Plan Rows": 17,
          "Plan Width": 115,
          "Actual Startup Time": 35.609,
          "Actual Total Time": 49.664,
          "Actual Rows": 6,
          "Actual Loops": 1,
          "Workers Planned": 2,
          "Workers Launched": 2,
          "Single Copy": false,
          "Plans": [
            {
              "Node Type": "Seq Scan",
              "Parent Relationship": "Outer",
              "Parallel Aware": true,
              "Relation Name": "orders",
              "Alias": "orders",
              "Startup Cost": 0.00,
              "Total Cost": 36096.50,
              "Plan Rows": 7,
              "Plan Width": 115,
              "Actual Startup Time": 13.629,
              "Actual Total Time": 42.052,
              "Actual Rows": 2,
              "Actual Loops": 3,
              "Filter": "(o_custkey = 1)",
              "Rows Removed by Filter": 499998
            }
          ]
        }
      ]
    },
    "Planning Time": 0.077,
    "Triggers": [
    ],
    "Execution Time": 49.707
  }
]
